\BOOKMARK [0][-]{init.0}{P\341gina de Rosto}{}
\BOOKMARK [0][-]{contents.0}{Conte\372do}{}
\BOOKMARK [0][-]{figures.0}{Lista de Figuras}{}
\BOOKMARK [0][-]{tables.0}{Lista de Tabelas}{}
\BOOKMARK [0][-]{abbrevs.0}{Abreviaturas e S\355mbolos}{}
\BOOKMARK [0][-]{chapter.1}{1 Introdu\347\343o}{}
\BOOKMARK [1][-]{section.1.1}{1.1 Contexto/Enquadramento}{chapter.1}
\BOOKMARK [1][-]{section.1.2}{1.2 Projecto}{chapter.1}
\BOOKMARK [1][-]{section.1.3}{1.3 Motiva\347\343o e Objectivos}{chapter.1}
\BOOKMARK [1][-]{section.1.4}{1.4 Estrutura da Disserta\347\343o}{chapter.1}
\BOOKMARK [0][-]{chapter.2}{2 Revis\343o Bibliogr\341fica}{}
\BOOKMARK [1][-]{section.2.1}{2.1 Introdu\347\343o}{chapter.2}
\BOOKMARK [1][-]{section.2.2}{2.2 Sec\347\343o Exemplo}{chapter.2}
\BOOKMARK [2][-]{subsection.2.2.1}{2.2.1 Sub-sec\347\343o Exemplo}{section.2.2}
\BOOKMARK [2][-]{subsection.2.2.2}{2.2.2 Sub-sec\347\343o Exemplo}{section.2.2}
\BOOKMARK [1][-]{section.2.3}{2.3 Resumo ou Conclus\365es}{chapter.2}
\BOOKMARK [0][-]{chapter.3}{3 Visualiza\347\343o de Sin\363pticos SVG}{}
\BOOKMARK [1][-]{section.3.1}{3.1 Sec\347\343o Exemplo}{chapter.3}
\BOOKMARK [2][-]{subsection.3.1.1}{3.1.1 Exemplo de Figura}{section.3.1}
\BOOKMARK [2][-]{subsection.3.1.2}{3.1.2 Exemplo de Tabela}{section.3.1}
\BOOKMARK [1][-]{section.3.2}{3.2 Sec\347\343o Exemplo}{chapter.3}
\BOOKMARK [1][-]{section.3.3}{3.3 Resumo e Conclus\365es}{chapter.3}
\BOOKMARK [0][-]{chapter.4}{4 Implementa\347\343o}{}
\BOOKMARK [1][-]{section.4.1}{4.1 Sec\347\343o Exemplo}{chapter.4}
\BOOKMARK [1][-]{section.4.2}{4.2 Mais uma Sec\347\343o}{chapter.4}
\BOOKMARK [1][-]{section.4.3}{4.3 Resumo ou Conclus\365es}{chapter.4}
\BOOKMARK [0][-]{chapter.5}{5 Conclus\365es e Trabalho Futuro}{}
\BOOKMARK [1][-]{section.5.1}{5.1 Satisfa\347\343o dos Objectivos}{chapter.5}
\BOOKMARK [1][-]{section.5.2}{5.2 Trabalho Futuro}{chapter.5}
\BOOKMARK [0][-]{section*.16}{Refer\352ncias}{}
\BOOKMARK [0][-]{appendix.A}{A Loren Ipsum}{}
\BOOKMARK [1][-]{section.A.1}{A.1 O que \351 o Loren Ipsum?}{appendix.A}
\BOOKMARK [1][-]{section.A.2}{A.2 De onde Vem o Loren?}{appendix.A}
\BOOKMARK [1][-]{section.A.3}{A.3 Porque se usa o Loren?}{appendix.A}
\BOOKMARK [1][-]{section.A.4}{A.4 Onde se Podem Encontrar Exemplos?}{appendix.A}
